<?xml version="1.0" encoding="UTF-8"?>
<testsuite xmlns:xsi="http://www.w3.org/2001/XMLSchema-instance" xsi:noNamespaceSchemaLocation="https://maven.apache.org/surefire/maven-surefire-plugin/xsd/surefire-test-report-3.0.xsd" version="3.0" name="runner.TestRunner" time="22.259" tests="1" errors="0" skipped="0" failures="0">
  <properties>
[...]
</properties>
  <testcase name="Successful login and checkout" classname="SwagLabs End-to-End Testing" time="22.235">
    <system-out><![CDATA[
Scenario: Successful login and checkout                      &amp#27;[90m# src/test/resources/features/checkout.feature:2&amp#27;[0m
  &amp#27;[32mGiven &amp#27;[0m&amp#27;[32mI launch the SwagLabs apk&amp#27;[0m                            &amp#27;[90m# com.example.AppTest.iLaunchTheSwagLabsApk()&amp#27;[0m
  &amp#27;[32mWhen &amp#27;[0m&amp#27;[32mI enters a valid username and valid password&amp#27;[0m          &amp#27;[90m# com.example.AppTest.iEntersAValidUsernameAndValidPassword()&amp#27;[0m
  &amp#27;[32mAnd &amp#27;[0m&amp#27;[32mI tap the Login button&amp#27;[0m                                 &amp#27;[90m# com.example.AppTest.iTapTheLoginButton()&amp#27;[0m
  &amp#27;[32mThen &amp#27;[0m&amp#27;[32mI should see the products page&amp#27;[0m                        &amp#27;[90m# com.example.AppTest.iShouldSeeTheProductsPage()&amp#27;[0m
  &amp#27;[32mWhen &amp#27;[0m&amp#27;[32mI add a product to the cart&amp#27;[0m                           &amp#27;[90m# com.example.AppTest.iAddAProductToTheCart()&amp#27;[0m
  &amp#27;[32mAnd &amp#27;[0m&amp#27;[32mI navigate to the cart page&amp#27;[0m                            &amp#27;[90m# com.example.AppTest.iNavigateToTheCartPage()&amp#27;[0m
  &amp#27;[32mAnd &amp#27;[0m&amp#27;[32mI tap the Checkout button&amp#27;[0m                              &amp#27;[90m# com.example.AppTest.iTapTheCheckoutButton()&amp#27;[0m
  &amp#27;[32mAnd &amp#27;[0m&amp#27;[32mI enter valide  first name, last name, and postal code&amp#27;[0m &amp#27;[90m# com.example.AppTest.iEnterValideFirstNameLastNamePostalCode()&amp#27;[0m
  &amp#27;[32mAnd &amp#27;[0m&amp#27;[32mI tap the Continue button&amp#27;[0m                              &amp#27;[90m# com.example.AppTest.iTapTheContinueButton()&amp#27;[0m
  &amp#27;[32mThen &amp#27;[0m&amp#27;[32mI should see the checkout overview page&amp#27;[0m               &amp#27;[90m# com.example.AppTest.iShouldSeeTheCheckoutOverviewPage()&amp#27;[0m
  &amp#27;[32mWhen &amp#27;[0m&amp#27;[32mI tap the Finish button&amp#27;[0m                               &amp#27;[90m# com.example.AppTest.iTapTheFinishButton()&amp#27;[0m
  &amp#27;[32mThen &amp#27;[0m&amp#27;[32mI should see checkout complete page&amp#27;[0m                   &amp#27;[90m# com.example.AppTest.iShouldSeeCheckoutCompletePage()&amp#27;[0m
]]></system-out>
    <system-err><![CDATA[SLF4J(W): No SLF4J providers were found.
SLF4J(W): Defaulting to no-operation (NOP) logger implementation
SLF4J(W): See https://www.slf4j.org/codes.html#noProviders for further details.
]]></system-err>
  </testcase>
</testsuite>